<?xml version="1.0" encoding="UTF-8"?>
<robot generator="Robot 6.1.1 (Python 3.10.12 on linux)" generated="20231119 17:40:34.099" rpa="false" schemaversion="4">
<suite id="s1" name="Tests" source="/home/aikortel/palautusrepositorio/viikko3/web-login/src/tests">
<suite id="s1-s1" name="Home" source="/home/aikortel/palautusrepositorio/viikko3/web-login/src/tests/home.robot">
<kw name="Open And Configure Browser" library="resource" type="SETUP">
<kw name="Evaluate" library="BuiltIn">
<var>${options}</var>
<arg>sys.modules['selenium.webdriver'].ChromeOptions()</arg>
<arg>sys</arg>
<doc>Evaluates the given expression in Python and returns the result.</doc>
<msg timestamp="20231119 17:40:34.247" level="INFO">${options} = &lt;selenium.webdriver.chrome.options.Options object at 0x7f5476a13d00&gt;</msg>
<status status="PASS" starttime="20231119 17:40:34.247" endtime="20231119 17:40:34.247"/>
</kw>
<kw name="Call Method" library="BuiltIn">
<arg>${options}</arg>
<arg>add_argument</arg>
<arg>--no-sandbox</arg>
<doc>Calls the named method of the given object with the provided arguments.</doc>
<status status="PASS" starttime="20231119 17:40:34.247" endtime="20231119 17:40:34.248"/>
</kw>
<kw name="Open Browser" library="SeleniumLibrary">
<arg>browser=chrome</arg>
<arg>options=${options}</arg>
<doc>Opens a new browser instance to the optional ``url``.</doc>
<msg timestamp="20231119 17:40:34.248" level="INFO">Opening browser 'chrome' to base url 'None'.</msg>
<status status="PASS" starttime="20231119 17:40:34.248" endtime="20231119 17:40:35.361"/>
</kw>
<kw name="Set Selenium Speed" library="SeleniumLibrary">
<arg>${DELAY}</arg>
<doc>Sets the delay that is waited after each Selenium command.</doc>
<status status="PASS" starttime="20231119 17:40:35.361" endtime="20231119 17:40:35.362"/>
</kw>
<status status="PASS" starttime="20231119 17:40:34.247" endtime="20231119 17:40:35.362"/>
</kw>
<test id="s1-s1-t1" name="Click Login Link" line="8">
<kw name="Go To Starting Page" library="resource" type="SETUP">
<kw name="Go To" library="SeleniumLibrary">
<arg>${HOME_URL}</arg>
<doc>Navigates the current browser window to the provided ``url``.</doc>
<msg timestamp="20231119 17:40:35.363" level="INFO">Opening url 'http://localhost:5001'</msg>
<status status="PASS" starttime="20231119 17:40:35.363" endtime="20231119 17:40:35.985"/>
</kw>
<status status="PASS" starttime="20231119 17:40:35.362" endtime="20231119 17:40:35.985"/>
</kw>
<kw name="Click Link" library="SeleniumLibrary">
<arg>Login</arg>
<doc>Clicks a link identified by ``locator``.</doc>
<msg timestamp="20231119 17:40:35.986" level="INFO">Clicking link 'Login'.</msg>
<status status="PASS" starttime="20231119 17:40:35.985" endtime="20231119 17:40:37.585"/>
</kw>
<kw name="Login Page Should Be Open" library="resource">
<kw name="Title Should Be" library="SeleniumLibrary">
<arg>Login</arg>
<doc>Verifies that the current page title equals ``title``.</doc>
<msg timestamp="20231119 17:40:38.095" level="INFO">Page title is 'Login'.</msg>
<status status="PASS" starttime="20231119 17:40:37.586" endtime="20231119 17:40:38.095"/>
</kw>
<status status="PASS" starttime="20231119 17:40:37.585" endtime="20231119 17:40:38.095"/>
</kw>
<status status="PASS" starttime="20231119 17:40:35.362" endtime="20231119 17:40:38.096"/>
</test>
<test id="s1-s1-t2" name="Click Register Link" line="12">
<kw name="Go To Starting Page" library="resource" type="SETUP">
<kw name="Go To" library="SeleniumLibrary">
<arg>${HOME_URL}</arg>
<doc>Navigates the current browser window to the provided ``url``.</doc>
<msg timestamp="20231119 17:40:38.098" level="INFO">Opening url 'http://localhost:5001'</msg>
<status status="PASS" starttime="20231119 17:40:38.097" endtime="20231119 17:40:38.629"/>
</kw>
<status status="PASS" starttime="20231119 17:40:38.097" endtime="20231119 17:40:38.629"/>
</kw>
<kw name="Click Link" library="SeleniumLibrary">
<arg>Register new user</arg>
<doc>Clicks a link identified by ``locator``.</doc>
<msg timestamp="20231119 17:40:38.630" level="INFO">Clicking link 'Register new user'.</msg>
<status status="PASS" starttime="20231119 17:40:38.630" endtime="20231119 17:40:40.210"/>
</kw>
<kw name="Register Page Should Be Open" library="resource">
<kw name="Title Should Be" library="SeleniumLibrary">
<arg>Register</arg>
<doc>Verifies that the current page title equals ``title``.</doc>
<msg timestamp="20231119 17:40:40.719" level="INFO">Page title is 'Register'.</msg>
<status status="PASS" starttime="20231119 17:40:40.211" endtime="20231119 17:40:40.719"/>
</kw>
<status status="PASS" starttime="20231119 17:40:40.210" endtime="20231119 17:40:40.719"/>
</kw>
<status status="PASS" starttime="20231119 17:40:38.096" endtime="20231119 17:40:40.720"/>
</test>
<kw name="Close Browser" library="SeleniumLibrary" type="TEARDOWN">
<doc>Closes the current browser.</doc>
<status status="PASS" starttime="20231119 17:40:40.721" endtime="20231119 17:40:41.281"/>
</kw>
<status status="PASS" starttime="20231119 17:40:34.115" endtime="20231119 17:40:41.281"/>
</suite>
<suite id="s1-s2" name="Login" source="/home/aikortel/palautusrepositorio/viikko3/web-login/src/tests/login.robot">
<kw name="Open And Configure Browser" library="resource" type="SETUP">
<kw name="Evaluate" library="BuiltIn">
<var>${options}</var>
<arg>sys.modules['selenium.webdriver'].ChromeOptions()</arg>
<arg>sys</arg>
<doc>Evaluates the given expression in Python and returns the result.</doc>
<msg timestamp="20231119 17:40:41.289" level="INFO">${options} = &lt;selenium.webdriver.chrome.options.Options object at 0x7f5476755480&gt;</msg>
<status status="PASS" starttime="20231119 17:40:41.289" endtime="20231119 17:40:41.289"/>
</kw>
<kw name="Call Method" library="BuiltIn">
<arg>${options}</arg>
<arg>add_argument</arg>
<arg>--no-sandbox</arg>
<doc>Calls the named method of the given object with the provided arguments.</doc>
<status status="PASS" starttime="20231119 17:40:41.290" endtime="20231119 17:40:41.290"/>
</kw>
<kw name="Open Browser" library="SeleniumLibrary">
<arg>browser=chrome</arg>
<arg>options=${options}</arg>
<doc>Opens a new browser instance to the optional ``url``.</doc>
<msg timestamp="20231119 17:40:41.291" level="INFO">Opening browser 'chrome' to base url 'None'.</msg>
<status status="PASS" starttime="20231119 17:40:41.290" endtime="20231119 17:40:42.411"/>
</kw>
<kw name="Set Selenium Speed" library="SeleniumLibrary">
<arg>${DELAY}</arg>
<doc>Sets the delay that is waited after each Selenium command.</doc>
<status status="PASS" starttime="20231119 17:40:42.411" endtime="20231119 17:40:42.411"/>
</kw>
<status status="PASS" starttime="20231119 17:40:41.288" endtime="20231119 17:40:42.411"/>
</kw>
<test id="s1-s2-t1" name="Login With Correct Credentials" line="8">
<kw name="Create User And Go To Login Page" type="SETUP">
<kw name="Create User" library="AppLibrary">
<arg>kalle</arg>
<arg>kalle123</arg>
<status status="PASS" starttime="20231119 17:40:42.412" endtime="20231119 17:40:42.420"/>
</kw>
<kw name="Go To Login Page" library="resource">
<kw name="Go To" library="SeleniumLibrary">
<arg>${LOGIN_URL}</arg>
<doc>Navigates the current browser window to the provided ``url``.</doc>
<msg timestamp="20231119 17:40:42.420" level="INFO">Opening url 'http://localhost:5001/login'</msg>
<status status="PASS" starttime="20231119 17:40:42.420" endtime="20231119 17:40:43.037"/>
</kw>
<status status="PASS" starttime="20231119 17:40:42.420" endtime="20231119 17:40:43.038"/>
</kw>
<kw name="Login Page Should Be Open" library="resource">
<kw name="Title Should Be" library="SeleniumLibrary">
<arg>Login</arg>
<doc>Verifies that the current page title equals ``title``.</doc>
<msg timestamp="20231119 17:40:43.548" level="INFO">Page title is 'Login'.</msg>
<status status="PASS" starttime="20231119 17:40:43.038" endtime="20231119 17:40:43.548"/>
</kw>
<status status="PASS" starttime="20231119 17:40:43.038" endtime="20231119 17:40:43.548"/>
</kw>
<status status="PASS" starttime="20231119 17:40:42.412" endtime="20231119 17:40:43.548"/>
</kw>
<kw name="Set Username">
<arg>kalle</arg>
<kw name="Input Text" library="SeleniumLibrary">
<arg>username</arg>
<arg>${username}</arg>
<doc>Types the given ``text`` into the text field identified by ``locator``.</doc>
<msg timestamp="20231119 17:40:43.550" level="INFO">Typing text 'kalle' into text field 'username'.</msg>
<status status="PASS" starttime="20231119 17:40:43.549" endtime="20231119 17:40:45.160"/>
</kw>
<status status="PASS" starttime="20231119 17:40:43.548" endtime="20231119 17:40:45.160"/>
</kw>
<kw name="Set Password">
<arg>kalle123</arg>
<kw name="Input Password" library="SeleniumLibrary">
<arg>password</arg>
<arg>${password}</arg>
<doc>Types the given password into the text field identified by ``locator``.</doc>
<msg timestamp="20231119 17:40:45.162" level="INFO">Typing password into text field 'password'.</msg>
<msg timestamp="20231119 17:40:46.220" level="INFO">Temporally setting log level to: NONE</msg>
<msg timestamp="20231119 17:40:46.766" level="INFO">Log level changed from NONE to INFO.</msg>
<status status="PASS" starttime="20231119 17:40:45.161" endtime="20231119 17:40:46.766"/>
</kw>
<status status="PASS" starttime="20231119 17:40:45.160" endtime="20231119 17:40:46.766"/>
</kw>
<kw name="Submit Credentials">
<kw name="Click Button" library="SeleniumLibrary">
<arg>Login</arg>
<doc>Clicks the button identified by ``locator``.</doc>
<msg timestamp="20231119 17:40:46.768" level="INFO">Clicking button 'Login'.</msg>
<status status="PASS" starttime="20231119 17:40:46.767" endtime="20231119 17:40:48.866"/>
</kw>
<status status="PASS" starttime="20231119 17:40:46.766" endtime="20231119 17:40:48.867"/>
</kw>
<kw name="Login Should Succeed">
<kw name="Main Page Should Be Open" library="resource">
<kw name="Title Should Be" library="SeleniumLibrary">
<arg>Ohtu Application main page</arg>
<doc>Verifies that the current page title equals ``title``.</doc>
<msg timestamp="20231119 17:40:49.375" level="INFO">Page title is 'Ohtu Application main page'.</msg>
<status status="PASS" starttime="20231119 17:40:48.868" endtime="20231119 17:40:49.375"/>
</kw>
<status status="PASS" starttime="20231119 17:40:48.867" endtime="20231119 17:40:49.375"/>
</kw>
<status status="PASS" starttime="20231119 17:40:48.867" endtime="20231119 17:40:49.375"/>
</kw>
<status status="PASS" starttime="20231119 17:40:42.412" endtime="20231119 17:40:49.376"/>
</test>
<test id="s1-s2-t2" name="Login With Incorrect Password" line="14">
<kw name="Create User And Go To Login Page" type="SETUP">
<kw name="Create User" library="AppLibrary">
<arg>kalle</arg>
<arg>kalle123</arg>
<status status="PASS" starttime="20231119 17:40:49.378" endtime="20231119 17:40:49.392"/>
</kw>
<kw name="Go To Login Page" library="resource">
<kw name="Go To" library="SeleniumLibrary">
<arg>${LOGIN_URL}</arg>
<doc>Navigates the current browser window to the provided ``url``.</doc>
<msg timestamp="20231119 17:40:49.393" level="INFO">Opening url 'http://localhost:5001/login'</msg>
<status status="PASS" starttime="20231119 17:40:49.393" endtime="20231119 17:40:49.925"/>
</kw>
<status status="PASS" starttime="20231119 17:40:49.392" endtime="20231119 17:40:49.925"/>
</kw>
<kw name="Login Page Should Be Open" library="resource">
<kw name="Title Should Be" library="SeleniumLibrary">
<arg>Login</arg>
<doc>Verifies that the current page title equals ``title``.</doc>
<msg timestamp="20231119 17:40:50.434" level="INFO">Page title is 'Login'.</msg>
<status status="PASS" starttime="20231119 17:40:49.926" endtime="20231119 17:40:50.435"/>
</kw>
<status status="PASS" starttime="20231119 17:40:49.925" endtime="20231119 17:40:50.435"/>
</kw>
<status status="PASS" starttime="20231119 17:40:49.377" endtime="20231119 17:40:50.435"/>
</kw>
<kw name="Set Username">
<arg>kalle</arg>
<kw name="Input Text" library="SeleniumLibrary">
<arg>username</arg>
<arg>${username}</arg>
<doc>Types the given ``text`` into the text field identified by ``locator``.</doc>
<msg timestamp="20231119 17:40:50.437" level="INFO">Typing text 'kalle' into text field 'username'.</msg>
<status status="PASS" starttime="20231119 17:40:50.436" endtime="20231119 17:40:52.014"/>
</kw>
<status status="PASS" starttime="20231119 17:40:50.435" endtime="20231119 17:40:52.014"/>
</kw>
<kw name="Set Password">
<arg>kalle456</arg>
<kw name="Input Password" library="SeleniumLibrary">
<arg>password</arg>
<arg>${password}</arg>
<doc>Types the given password into the text field identified by ``locator``.</doc>
<msg timestamp="20231119 17:40:52.016" level="INFO">Typing password into text field 'password'.</msg>
<msg timestamp="20231119 17:40:53.060" level="INFO">Temporally setting log level to: NONE</msg>
<msg timestamp="20231119 17:40:53.602" level="INFO">Log level changed from NONE to INFO.</msg>
<status status="PASS" starttime="20231119 17:40:52.015" endtime="20231119 17:40:53.602"/>
</kw>
<status status="PASS" starttime="20231119 17:40:52.015" endtime="20231119 17:40:53.603"/>
</kw>
<kw name="Submit Credentials">
<kw name="Click Button" library="SeleniumLibrary">
<arg>Login</arg>
<doc>Clicks the button identified by ``locator``.</doc>
<msg timestamp="20231119 17:40:53.605" level="INFO">Clicking button 'Login'.</msg>
<status status="PASS" starttime="20231119 17:40:53.604" endtime="20231119 17:40:55.686"/>
</kw>
<status status="PASS" starttime="20231119 17:40:53.603" endtime="20231119 17:40:55.686"/>
</kw>
<kw name="Login Should Fail With Message">
<arg>Invalid username or password</arg>
<kw name="Login Page Should Be Open" library="resource">
<kw name="Title Should Be" library="SeleniumLibrary">
<arg>Login</arg>
<doc>Verifies that the current page title equals ``title``.</doc>
<msg timestamp="20231119 17:40:56.195" level="INFO">Page title is 'Login'.</msg>
<status status="PASS" starttime="20231119 17:40:55.687" endtime="20231119 17:40:56.195"/>
</kw>
<status status="PASS" starttime="20231119 17:40:55.687" endtime="20231119 17:40:56.195"/>
</kw>
<kw name="Page Should Contain" library="SeleniumLibrary">
<arg>${message}</arg>
<doc>Verifies that current page contains ``text``.</doc>
<msg timestamp="20231119 17:40:57.212" level="INFO">Current page contains text 'Invalid username or password'.</msg>
<status status="PASS" starttime="20231119 17:40:56.195" endtime="20231119 17:40:57.213"/>
</kw>
<status status="PASS" starttime="20231119 17:40:55.686" endtime="20231119 17:40:57.213"/>
</kw>
<status status="PASS" starttime="20231119 17:40:49.377" endtime="20231119 17:40:57.213"/>
</test>
<kw name="Close Browser" library="SeleniumLibrary" type="TEARDOWN">
<doc>Closes the current browser.</doc>
<status status="PASS" starttime="20231119 17:40:57.214" endtime="20231119 17:40:57.773"/>
</kw>
<status status="PASS" starttime="20231119 17:40:41.283" endtime="20231119 17:40:57.774"/>
</suite>
<status status="PASS" starttime="20231119 17:40:34.100" endtime="20231119 17:40:57.776"/>
</suite>
<statistics>
<total>
<stat pass="4" fail="0" skip="0">All Tests</stat>
</total>
<tag>
</tag>
<suite>
<stat pass="4" fail="0" skip="0" id="s1" name="Tests">Tests</stat>
<stat pass="2" fail="0" skip="0" id="s1-s1" name="Home">Tests.Home</stat>
<stat pass="2" fail="0" skip="0" id="s1-s2" name="Login">Tests.Login</stat>
</suite>
</statistics>
<errors>
</errors>
</robot>
