<?xml version="1.0" encoding="UTF-8"?>
<robot generator="Robot 6.1.1 (Python 3.10.12 on linux)" generated="20231118 15:38:17.460" rpa="false" schemaversion="4">
<suite id="s1" name="Tests" source="/home/aikortel/palautusrepositorio/viikko3/login-robot/src/tests">
<suite id="s1-s1" name="Login" source="/home/aikortel/palautusrepositorio/viikko3/login-robot/src/tests/login.robot">
<test id="s1-s1-t1" name="Login With Correct Credentials" line="6">
<kw name="Create User And Input Login Command" type="SETUP">
<kw name="Create User" library="AppLibrary">
<arg>kalle</arg>
<arg>kalle123</arg>
<status status="PASS" starttime="20231118 15:38:17.479" endtime="20231118 15:38:17.479"/>
</kw>
<kw name="Input Login Command" library="resource">
<kw name="Input" library="AppLibrary">
<arg>login</arg>
<status status="PASS" starttime="20231118 15:38:17.480" endtime="20231118 15:38:17.480"/>
</kw>
<status status="PASS" starttime="20231118 15:38:17.479" endtime="20231118 15:38:17.480"/>
</kw>
<status status="PASS" starttime="20231118 15:38:17.479" endtime="20231118 15:38:17.480"/>
</kw>
<kw name="Input Credentials" library="resource">
<arg>kalle</arg>
<arg>kalle123</arg>
<kw name="Input" library="AppLibrary">
<arg>${username}</arg>
<status status="PASS" starttime="20231118 15:38:17.480" endtime="20231118 15:38:17.480"/>
</kw>
<kw name="Input" library="AppLibrary">
<arg>${password}</arg>
<status status="PASS" starttime="20231118 15:38:17.480" endtime="20231118 15:38:17.480"/>
</kw>
<kw name="Run Application" library="AppLibrary">
<status status="PASS" starttime="20231118 15:38:17.481" endtime="20231118 15:38:17.481"/>
</kw>
<status status="PASS" starttime="20231118 15:38:17.480" endtime="20231118 15:38:17.481"/>
</kw>
<kw name="Output Should Contain" library="AppLibrary">
<arg>Logged in</arg>
<status status="PASS" starttime="20231118 15:38:17.481" endtime="20231118 15:38:17.481"/>
</kw>
<status status="PASS" starttime="20231118 15:38:17.479" endtime="20231118 15:38:17.481"/>
</test>
<test id="s1-s1-t2" name="Login With Incorrect Password" line="16">
<kw name="Create User And Input Login Command" type="SETUP">
<kw name="Create User" library="AppLibrary">
<arg>kalle</arg>
<arg>kalle123</arg>
<status status="PASS" starttime="20231118 15:38:17.482" endtime="20231118 15:38:17.482"/>
</kw>
<kw name="Input Login Command" library="resource">
<kw name="Input" library="AppLibrary">
<arg>login</arg>
<status status="PASS" starttime="20231118 15:38:17.482" endtime="20231118 15:38:17.482"/>
</kw>
<status status="PASS" starttime="20231118 15:38:17.482" endtime="20231118 15:38:17.482"/>
</kw>
<status status="PASS" starttime="20231118 15:38:17.481" endtime="20231118 15:38:17.482"/>
</kw>
<kw name="Input Credentials" library="resource">
<arg>kalle</arg>
<arg>kalle123</arg>
<kw name="Input" library="AppLibrary">
<arg>${username}</arg>
<status status="PASS" starttime="20231118 15:38:17.482" endtime="20231118 15:38:17.482"/>
</kw>
<kw name="Input" library="AppLibrary">
<arg>${password}</arg>
<status status="PASS" starttime="20231118 15:38:17.483" endtime="20231118 15:38:17.483"/>
</kw>
<kw name="Run Application" library="AppLibrary">
<status status="PASS" starttime="20231118 15:38:17.483" endtime="20231118 15:38:17.483"/>
</kw>
<status status="PASS" starttime="20231118 15:38:17.482" endtime="20231118 15:38:17.483"/>
</kw>
<kw name="Input Login Command" library="resource">
<kw name="Input" library="AppLibrary">
<arg>login</arg>
<status status="PASS" starttime="20231118 15:38:17.483" endtime="20231118 15:38:17.483"/>
</kw>
<status status="PASS" starttime="20231118 15:38:17.483" endtime="20231118 15:38:17.483"/>
</kw>
<status status="PASS" starttime="20231118 15:38:17.481" endtime="20231118 15:38:17.483"/>
</test>
<test id="s1-s1-t3" name="Login With Nonexistent Username" line="21">
<kw name="Create User And Input Login Command" type="SETUP">
<kw name="Create User" library="AppLibrary">
<arg>kalle</arg>
<arg>kalle123</arg>
<status status="PASS" starttime="20231118 15:38:17.484" endtime="20231118 15:38:17.484"/>
</kw>
<kw name="Input Login Command" library="resource">
<kw name="Input" library="AppLibrary">
<arg>login</arg>
<status status="PASS" starttime="20231118 15:38:17.484" endtime="20231118 15:38:17.484"/>
</kw>
<status status="PASS" starttime="20231118 15:38:17.484" endtime="20231118 15:38:17.484"/>
</kw>
<status status="PASS" starttime="20231118 15:38:17.484" endtime="20231118 15:38:17.484"/>
</kw>
<kw name="Input Credentials" library="resource">
<arg>kalle</arg>
<arg>kalle123</arg>
<kw name="Input" library="AppLibrary">
<arg>${username}</arg>
<status status="PASS" starttime="20231118 15:38:17.484" endtime="20231118 15:38:17.485"/>
</kw>
<kw name="Input" library="AppLibrary">
<arg>${password}</arg>
<status status="PASS" starttime="20231118 15:38:17.485" endtime="20231118 15:38:17.485"/>
</kw>
<kw name="Run Application" library="AppLibrary">
<status status="PASS" starttime="20231118 15:38:17.485" endtime="20231118 15:38:17.485"/>
</kw>
<status status="PASS" starttime="20231118 15:38:17.484" endtime="20231118 15:38:17.485"/>
</kw>
<kw name="Input Login Command" library="resource">
<kw name="Input" library="AppLibrary">
<arg>login</arg>
<status status="PASS" starttime="20231118 15:38:17.485" endtime="20231118 15:38:17.485"/>
</kw>
<status status="PASS" starttime="20231118 15:38:17.485" endtime="20231118 15:38:17.485"/>
</kw>
<status status="PASS" starttime="20231118 15:38:17.483" endtime="20231118 15:38:17.485"/>
</test>
<status status="PASS" starttime="20231118 15:38:17.474" endtime="20231118 15:38:17.486"/>
</suite>
<status status="PASS" starttime="20231118 15:38:17.461" endtime="20231118 15:38:17.486"/>
</suite>
<statistics>
<total>
<stat pass="3" fail="0" skip="0">All Tests</stat>
</total>
<tag>
</tag>
<suite>
<stat pass="3" fail="0" skip="0" id="s1" name="Tests">Tests</stat>
<stat pass="3" fail="0" skip="0" id="s1-s1" name="Login">Tests.Login</stat>
</suite>
</statistics>
<errors>
</errors>
</robot>
